Using pre-set license
Built from '2020.3/staging' branch; Version is '2020.3.14f1 (d0d1bb862f9d) revision 13685179'; Using compiler version '192528614'; Build Type 'Release'
OS: 'Windows 10 Home; OS build 19045.4412; Version 2009; 64bit' Language: 'en' Physical Memory: 16234 MB
BatchMode: 1, IsHumanControllingUs: 0, StartBugReporterOnCrash: 0, Is64bit: 1, IsPro: 0

 COMMAND LINE ARGUMENTS:
C:\Program Files\Unity\Hub\Editor\2020.3.14f1\Editor\Unity.exe
-adb2
-batchMode
-noUpm
-name
AssetImportWorker0
-projectPath
C:/Users/luisa/Desktop/ENTI/4t Curs/TFG/HavokRealm Theme Park/HavokRealm Park
-logFile
Logs/AssetImportWorker0.log
-srvPort
61133
Successfully changed project path to: C:/Users/luisa/Desktop/ENTI/4t Curs/TFG/HavokRealm Theme Park/HavokRealm Park
C:/Users/luisa/Desktop/ENTI/4t Curs/TFG/HavokRealm Theme Park/HavokRealm Park
Using Asset Import Pipeline V2.
Refreshing native plugins compatible for Editor in 62.35 ms, found 2 plugins.
Preloading 0 native plugins for Editor in 0.00 ms.
Initialize engine version: 2020.3.14f1 (d0d1bb862f9d)
[Subsystems] Discovering subsystems at path C:/Program Files/Unity/Hub/Editor/2020.3.14f1/Editor/Data/Resources/UnitySubsystems
[Subsystems] Discovering subsystems at path C:/Users/luisa/Desktop/ENTI/4t Curs/TFG/HavokRealm Theme Park/HavokRealm Park/Assets
GfxDevice: creating device client; threaded=0
Direct3D:
    Version:  Direct3D 11.0 [level 11.1]
    Renderer: NVIDIA GeForce RTX 2070 (ID=0x1f10)
    Vendor:   
    VRAM:     8031 MB
    Driver:   30.0.15.1278
Initialize mono
Mono path[0] = 'C:/Program Files/Unity/Hub/Editor/2020.3.14f1/Editor/Data/Managed'
Mono path[1] = 'C:/Program Files/Unity/Hub/Editor/2020.3.14f1/Editor/Data/MonoBleedingEdge/lib/mono/unityjit'
Mono config path = 'C:/Program Files/Unity/Hub/Editor/2020.3.14f1/Editor/Data/MonoBleedingEdge/etc'
Using monoOptions --debugger-agent=transport=dt_socket,embedding=1,server=y,suspend=n,address=127.0.0.1:56160
Begin MonoManager ReloadAssembly
Registering precompiled unity dll's ...
Register platform support module: C:/Program Files/Unity/Hub/Editor/2020.3.14f1/Editor/Data/PlaybackEngines/WindowsStandaloneSupport/UnityEditor.WindowsStandalone.Extensions.dll
Registered in 0.002831 seconds.
Native extension for WindowsStandalone target not found
Refreshing native plugins compatible for Editor in 62.39 ms, found 2 plugins.
Preloading 0 native plugins for Editor in 0.00 ms.
Mono: successfully reloaded assembly
- Completed reload, in  1.214 seconds
Domain Reload Profiling:
	ReloadAssembly (1214ms)
		BeginReloadAssembly (64ms)
			ExecutionOrderSort (0ms)
			DisableScriptedObjects (0ms)
			BackupInstance (0ms)
			ReleaseScriptingObjects (0ms)
			CreateAndSetChildDomain (1ms)
		EndReloadAssembly (446ms)
			LoadAssemblies (60ms)
			RebuildTransferFunctionScriptingTraits (0ms)
			SetupTypeCache (148ms)
			ReleaseScriptCaches (0ms)
			RebuildScriptCaches (31ms)
			SetupLoadedEditorAssemblies (189ms)
				LogAssemblyErrors (0ms)
				InitializePlatformSupportModulesInManaged (4ms)
				SetLoadedEditorAssemblies (0ms)
				RefreshPlugins (62ms)
				BeforeProcessingInitializeOnLoad (14ms)
				ProcessInitializeOnLoadAttributes (81ms)
				ProcessInitializeOnLoadMethodAttributes (27ms)
				AfterProcessingInitializeOnLoad (0ms)
				EditorAssembliesLoaded (0ms)
			ExecutionOrderSort2 (0ms)
			AwakeInstancesAfterBackupRestoration (0ms)
Platform modules already initialized, skipping
Registering precompiled user dll's ...
Registered in 0.006894 seconds.
Begin MonoManager ReloadAssembly
Native extension for WindowsStandalone target not found
Refreshing native plugins compatible for Editor in 99.35 ms, found 2 plugins.
Preloading 0 native plugins for Editor in 0.00 ms.
Mono: successfully reloaded assembly
- Completed reload, in  1.384 seconds
Domain Reload Profiling:
	ReloadAssembly (1385ms)
		BeginReloadAssembly (150ms)
			ExecutionOrderSort (0ms)
			DisableScriptedObjects (4ms)
			BackupInstance (0ms)
			ReleaseScriptingObjects (0ms)
			CreateAndSetChildDomain (16ms)
		EndReloadAssembly (1166ms)
			LoadAssemblies (104ms)
			RebuildTransferFunctionScriptingTraits (0ms)
			SetupTypeCache (291ms)
			ReleaseScriptCaches (0ms)
			RebuildScriptCaches (51ms)
			SetupLoadedEditorAssemblies (596ms)
				LogAssemblyErrors (0ms)
				InitializePlatformSupportModulesInManaged (4ms)
				SetLoadedEditorAssemblies (0ms)
				RefreshPlugins (100ms)
				BeforeProcessingInitializeOnLoad (115ms)
				ProcessInitializeOnLoadAttributes (323ms)
				ProcessInitializeOnLoadMethodAttributes (43ms)
				AfterProcessingInitializeOnLoad (11ms)
				EditorAssembliesLoaded (0ms)
			ExecutionOrderSort2 (0ms)
			AwakeInstancesAfterBackupRestoration (6ms)
Platform modules already initialized, skipping
========================================================================
Worker process is ready to serve import requests
Launched and connected shader compiler UnityShaderCompiler.exe after 0.05 seconds
Refreshing native plugins compatible for Editor in 0.62 ms, found 2 plugins.
Preloading 0 native plugins for Editor in 0.00 ms.
Unloading 2241 Unused Serialized files (Serialized files now loaded: 0)
System memory in use before: 103.3 MB.
System memory in use after: 103.3 MB.

Unloading 23 unused Assets to reduce memory usage. Loaded Objects now: 2683.
Total: 2.621100 ms (FindLiveObjects: 0.204700 ms CreateObjectMapping: 0.071200 ms MarkObjects: 2.253400 ms  DeleteObjects: 0.090500 ms)

AssetImportParameters requested are different than current active one (requested -> active):
  custom:framework-win-MediaFoundation: 216162199b28c13a410421893ffa2e32 -> 
  custom:video-decoder-ogg-theora: a1e56fd34408186e4bbccfd4996cb3dc -> 
  custom:container-muxer-webm: aa71ff27fc2769a1b78a27578f13a17b -> 
  custom:container-demuxer-webm: 4f35f7cbe854078d1ac9338744f61a02 -> 
  custom:container-demuxer-ogg: 62fdf1f143b41e24485cea50d1cbac27 -> 
  custom:video-encoder-webm-vp8: eb34c28f22e8b96e1ab97ce403110664 -> 
  custom:video-codec-MediaFoundation-h265: 746d11721c4dcdbdad8f713fa42b33f4 -> 
  custom:video-decoder-webm-vp8: 9c59270c3fd7afecdb556c50c9e8de78 -> 
  custom:audio-decoder-ogg-vorbis: bf7c407c2cedff20999df2af8eb42d56 -> 
  custom:audio-encoder-webm-vorbis: bf7c407c2cedff20999df2af8eb42d56 -> 
========================================================================
Received Import Request.
  path: Assets/StarterAssets/Mobile
  artifactKey: Guid(14344c134ca94dc42887027aebcf24a5) Importer(815301076,1909f56bfc062723c751e8b465ee728b)
Start importing Assets/StarterAssets/Mobile using Guid(14344c134ca94dc42887027aebcf24a5) Importer(815301076,1909f56bfc062723c751e8b465ee728b)  -> (artifact id: '1848f8b732d7e8dda5749af44ba2ca2a') in 0.012134 seconds 
  Import took 0.016349 seconds .

========================================================================
Received Import Request.
  Time since last request: 1.748658 seconds.
  path: Assets/PolygonWesternFrontier/Materials/Misc/Background Card_01_Material.mat
  artifactKey: Guid(cb065acf2e30e80429666c58d6bb0b48) Importer(815301076,1909f56bfc062723c751e8b465ee728b)
Start importing Assets/PolygonWesternFrontier/Materials/Misc/Background Card_01_Material.mat using Guid(cb065acf2e30e80429666c58d6bb0b48) Importer(815301076,1909f56bfc062723c751e8b465ee728b)  -> (artifact id: '2c562ec4d99fd11c92babadcd5f12e26') in 0.170940 seconds 
  Import took 0.178389 seconds .

========================================================================
Received Import Request.
  Time since last request: 0.000420 seconds.
  path: Assets/PolygonWestern/Prefabs/Environments/SM_Env_Sand_Ground_01.prefab
  artifactKey: Guid(3c544eee478f9ca47b7a7e2645103261) Importer(815301076,1909f56bfc062723c751e8b465ee728b)
Start importing Assets/PolygonWestern/Prefabs/Environments/SM_Env_Sand_Ground_01.prefab using Guid(3c544eee478f9ca47b7a7e2645103261) Importer(815301076,1909f56bfc062723c751e8b465ee728b)  -> (artifact id: '4bf03b2e38c281668c2c3a381c6957b6') in 0.083060 seconds 
  Import took 0.087345 seconds .

========================================================================
Received Import Request.
  Time since last request: 0.000485 seconds.
  path: Assets/PolygonWesternFrontier/Prefabs/Generic/SM_Generic_Ground_Flat_01.prefab
  artifactKey: Guid(96763b22b987cd944be576d435d1acac) Importer(815301076,1909f56bfc062723c751e8b465ee728b)
Start importing Assets/PolygonWesternFrontier/Prefabs/Generic/SM_Generic_Ground_Flat_01.prefab using Guid(96763b22b987cd944be576d435d1acac) Importer(815301076,1909f56bfc062723c751e8b465ee728b)  -> (artifact id: '39058a96383f201cdcd4731c2f46ba2d') in 0.021406 seconds 
  Import took 0.025059 seconds .

========================================================================
Received Import Request.
  Time since last request: 0.000414 seconds.
  path: Assets/PolygonWestern/Materials/Misc/BackgroundCard_02.mat
  artifactKey: Guid(0916291fa216d3745994d729c597a587) Importer(815301076,1909f56bfc062723c751e8b465ee728b)
Start importing Assets/PolygonWestern/Materials/Misc/BackgroundCard_02.mat using Guid(0916291fa216d3745994d729c597a587) Importer(815301076,1909f56bfc062723c751e8b465ee728b)  -> (artifact id: '410df38bb7b060ce562b6c877140ab1d') in 0.011042 seconds 
  Import took 0.015247 seconds .

========================================================================
Received Import Request.
  Time since last request: 0.000419 seconds.
  path: Assets/PolygonWesternFrontier/Prefabs/Generic/SM_Generic_Ground_01.prefab
  artifactKey: Guid(f88e5a25e4517044fa3d3fde9a85fa70) Importer(815301076,1909f56bfc062723c751e8b465ee728b)
Start importing Assets/PolygonWesternFrontier/Prefabs/Generic/SM_Generic_Ground_01.prefab using Guid(f88e5a25e4517044fa3d3fde9a85fa70) Importer(815301076,1909f56bfc062723c751e8b465ee728b)  -> (artifact id: '7a93edb8181c7e7ae543ab76145f6472') in 0.020734 seconds 
  Import took 0.025670 seconds .

========================================================================
Received Import Request.
  Time since last request: 0.000459 seconds.
  path: Assets/PolygonWesternFrontier/Prefabs/Environments/SM_Env_BackgroundCard_01.prefab
  artifactKey: Guid(6c4ed3a4489024f4d99e53011a9f24b0) Importer(815301076,1909f56bfc062723c751e8b465ee728b)
Start importing Assets/PolygonWesternFrontier/Prefabs/Environments/SM_Env_BackgroundCard_01.prefab using Guid(6c4ed3a4489024f4d99e53011a9f24b0) Importer(815301076,1909f56bfc062723c751e8b465ee728b)  -> (artifact id: '31839bec63ccda33cab9bfed84e33f4a') in 0.012035 seconds 
  Import took 0.016320 seconds .

========================================================================
Received Import Request.
  Time since last request: 0.000420 seconds.
  path: Assets/PolygonWestern/Prefabs/Environments/SM_Env_Sand_Ground_03.prefab
  artifactKey: Guid(f803fed3e5c371944bd9b8b739efae1b) Importer(815301076,1909f56bfc062723c751e8b465ee728b)
Start importing Assets/PolygonWestern/Prefabs/Environments/SM_Env_Sand_Ground_03.prefab using Guid(f803fed3e5c371944bd9b8b739efae1b) Importer(815301076,1909f56bfc062723c751e8b465ee728b)  -> (artifact id: 'aad332f5c816b21bd529a28dba988728') in 0.020337 seconds 
  Import took 0.024307 seconds .

========================================================================
Received Import Request.
  Time since last request: 0.000378 seconds.
  path: Assets/PolygonWestern/Prefabs/Environments/SM_Env_BackgroundCard_01.prefab
  artifactKey: Guid(92c9de48469b02e43be72cbbd5e69ee7) Importer(815301076,1909f56bfc062723c751e8b465ee728b)
Start importing Assets/PolygonWestern/Prefabs/Environments/SM_Env_BackgroundCard_01.prefab using Guid(92c9de48469b02e43be72cbbd5e69ee7) Importer(815301076,1909f56bfc062723c751e8b465ee728b)  -> (artifact id: '8d93c4a28d48ee0942574277be0fbaf5') in 0.013508 seconds 
  Import took 0.017662 seconds .

========================================================================
Received Import Request.
  Time since last request: 0.000425 seconds.
  path: Assets/PolygonWestern/Prefabs/Environments/SM_Env_BackgroundCard_02.prefab
  artifactKey: Guid(4d8fbd0c4418ddb4390b7f567d861560) Importer(815301076,1909f56bfc062723c751e8b465ee728b)
Start importing Assets/PolygonWestern/Prefabs/Environments/SM_Env_BackgroundCard_02.prefab using Guid(4d8fbd0c4418ddb4390b7f567d861560) Importer(815301076,1909f56bfc062723c751e8b465ee728b)  -> (artifact id: '2b538a8bed4f625e95121cb6c1b3e7b8') in 0.018089 seconds 
  Import took 0.021975 seconds .

========================================================================
Received Import Request.
  Time since last request: 0.000460 seconds.
  path: Assets/PolygonWesternFrontier/Materials/Misc/Background Card_02_Material.mat
  artifactKey: Guid(fd4823ff798c598478f097027a84130e) Importer(815301076,1909f56bfc062723c751e8b465ee728b)
Start importing Assets/PolygonWesternFrontier/Materials/Misc/Background Card_02_Material.mat using Guid(fd4823ff798c598478f097027a84130e) Importer(815301076,1909f56bfc062723c751e8b465ee728b)  -> (artifact id: 'e608619362ee902c0874a71f111a725f') in 0.011116 seconds 
  Import took 0.015276 seconds .

========================================================================
Received Import Request.
  Time since last request: 0.000409 seconds.
  path: Assets/PolygonWestern/Prefabs/Environments/SM_Env_Sand_Ground_04.prefab
  artifactKey: Guid(b03d13b8c568a0e4e93644f3fa65171b) Importer(815301076,1909f56bfc062723c751e8b465ee728b)
Start importing Assets/PolygonWestern/Prefabs/Environments/SM_Env_Sand_Ground_04.prefab using Guid(b03d13b8c568a0e4e93644f3fa65171b) Importer(815301076,1909f56bfc062723c751e8b465ee728b)  -> (artifact id: 'ab1dbc9e9b39e5a5b892d5fa661342f8') in 0.022250 seconds 
  Import took 0.025775 seconds .

========================================================================
Received Import Request.
  Time since last request: 0.000410 seconds.
  path: Assets/PolygonWesternFrontier/Models/CollisionConvex/SM_Env_Quarry_Ground_02_Convex.asset
  artifactKey: Guid(9886cd80dd8438d4986556ba895560af) Importer(815301076,1909f56bfc062723c751e8b465ee728b)
Start importing Assets/PolygonWesternFrontier/Models/CollisionConvex/SM_Env_Quarry_Ground_02_Convex.asset using Guid(9886cd80dd8438d4986556ba895560af) Importer(815301076,1909f56bfc062723c751e8b465ee728b)  -> (artifact id: 'f2707c8d67e4af94c09b9eb4aeb0f29e') in 0.046344 seconds 
  Import took 0.050905 seconds .

========================================================================
Received Import Request.
  Time since last request: 0.000399 seconds.
  path: Assets/PolygonWestern/Materials/Misc/BackgroundCard_03.mat
  artifactKey: Guid(c74c49e41d195d54f917d854a17ab64c) Importer(815301076,1909f56bfc062723c751e8b465ee728b)
Start importing Assets/PolygonWestern/Materials/Misc/BackgroundCard_03.mat using Guid(c74c49e41d195d54f917d854a17ab64c) Importer(815301076,1909f56bfc062723c751e8b465ee728b)  -> (artifact id: 'd6c2d16891bc5722a0af927b0cc5609e') in 0.033578 seconds 
  Import took 0.037774 seconds .

========================================================================
Received Import Request.
  Time since last request: 0.000396 seconds.
  path: Assets/PolygonWestern/Prefabs/Environments/SM_Env_BackgroundCard_03.prefab
  artifactKey: Guid(ff8c1a24ee97b9340b90aaed635812e0) Importer(815301076,1909f56bfc062723c751e8b465ee728b)
Start importing Assets/PolygonWestern/Prefabs/Environments/SM_Env_BackgroundCard_03.prefab using Guid(ff8c1a24ee97b9340b90aaed635812e0) Importer(815301076,1909f56bfc062723c751e8b465ee728b)  -> (artifact id: 'cf3fd233b0afa4e920b76d6b2bef6704') in 0.022512 seconds 
  Import took 0.026426 seconds .

========================================================================
Received Import Request.
  Time since last request: 0.000405 seconds.
  path: Assets/PolygonWesternFrontier/Models/CollisionConvex/SM_Env_Quarry_Ground_01_Convex.asset
  artifactKey: Guid(337e726a45639a247b00942d10c5406c) Importer(815301076,1909f56bfc062723c751e8b465ee728b)
Start importing Assets/PolygonWesternFrontier/Models/CollisionConvex/SM_Env_Quarry_Ground_01_Convex.asset using Guid(337e726a45639a247b00942d10c5406c) Importer(815301076,1909f56bfc062723c751e8b465ee728b)  -> (artifact id: '2856a10998544c8665b72dbc5aa10f8b') in 0.009766 seconds 
  Import took 0.013571 seconds .

========================================================================
Received Import Request.
  Time since last request: 0.000360 seconds.
  path: Assets/PolygonWestern/Prefabs/Environments/SM_Env_Sand_Ground_05.prefab
  artifactKey: Guid(0f5afd0a565c5644fb77d4600ba5d44a) Importer(815301076,1909f56bfc062723c751e8b465ee728b)
Start importing Assets/PolygonWestern/Prefabs/Environments/SM_Env_Sand_Ground_05.prefab using Guid(0f5afd0a565c5644fb77d4600ba5d44a) Importer(815301076,1909f56bfc062723c751e8b465ee728b)  -> (artifact id: 'bd315f2899a0b140af825b6f1cb384ba') in 0.014552 seconds 
  Import took 0.018428 seconds .

========================================================================
Received Import Request.
  Time since last request: 0.000398 seconds.
  path: Assets/PolygonWesternFrontier/Prefabs/Environments/SM_Env_Quarry_Ground_01.prefab
  artifactKey: Guid(adccccfa5a6216842b49687e3a76f2ba) Importer(815301076,1909f56bfc062723c751e8b465ee728b)
Start importing Assets/PolygonWesternFrontier/Prefabs/Environments/SM_Env_Quarry_Ground_01.prefab using Guid(adccccfa5a6216842b49687e3a76f2ba) Importer(815301076,1909f56bfc062723c751e8b465ee728b)  -> (artifact id: '5892b2b2cb5d37cdfcca3c2d873a0992') in 0.012757 seconds 
  Import took 0.016524 seconds .

========================================================================
Received Import Request.
  Time since last request: 0.000349 seconds.
  path: Assets/PolygonWestern/Prefabs/Environments/SM_Env_Sand_Ground_02.prefab
  artifactKey: Guid(ffa07e3583b855246941e709137f6eea) Importer(815301076,1909f56bfc062723c751e8b465ee728b)
Start importing Assets/PolygonWestern/Prefabs/Environments/SM_Env_Sand_Ground_02.prefab using Guid(ffa07e3583b855246941e709137f6eea) Importer(815301076,1909f56bfc062723c751e8b465ee728b)  -> (artifact id: 'd968ca86e5b38d76d0083b15690e51fb') in 0.016023 seconds 
  Import took 0.019722 seconds .

========================================================================
Received Import Request.
  Time since last request: 0.000412 seconds.
  path: Assets/PolygonWesternFrontier/Prefabs/Environments/SM_Env_BackgroundCard_02.prefab
  artifactKey: Guid(f9f7825575c75564d996d05f274f0e97) Importer(815301076,1909f56bfc062723c751e8b465ee728b)
Start importing Assets/PolygonWesternFrontier/Prefabs/Environments/SM_Env_BackgroundCard_02.prefab using Guid(f9f7825575c75564d996d05f274f0e97) Importer(815301076,1909f56bfc062723c751e8b465ee728b)  -> (artifact id: '183e13bfcb4f403ec8e5cc76385193ca') in 0.012007 seconds 
  Import took 0.015336 seconds .

========================================================================
Received Import Request.
  Time since last request: 0.000425 seconds.
  path: Assets/PolygonWesternFrontier/Models/CollisionConvex/SM_Generic_Ground_02_Convex.asset
  artifactKey: Guid(8f6e21d5c91fbbf4db97371c11924deb) Importer(815301076,1909f56bfc062723c751e8b465ee728b)
Start importing Assets/PolygonWesternFrontier/Models/CollisionConvex/SM_Generic_Ground_02_Convex.asset using Guid(8f6e21d5c91fbbf4db97371c11924deb) Importer(815301076,1909f56bfc062723c751e8b465ee728b)  -> (artifact id: '7317be66523ab0498775c7d2f74070b4') in 0.009853 seconds 
  Import took 0.013614 seconds .

========================================================================
Received Import Request.
  Time since last request: 0.000387 seconds.
  path: Assets/PolygonWesternFrontier/Prefabs/Environments/SM_Env_Quarry_Ground_02.prefab
  artifactKey: Guid(c675f29b886830c42bb3d72bc810e16c) Importer(815301076,1909f56bfc062723c751e8b465ee728b)
Start importing Assets/PolygonWesternFrontier/Prefabs/Environments/SM_Env_Quarry_Ground_02.prefab using Guid(c675f29b886830c42bb3d72bc810e16c) Importer(815301076,1909f56bfc062723c751e8b465ee728b)  -> (artifact id: 'fa39678082100e6af453543cf7c3d4ca') in 0.013789 seconds 
  Import took 0.017888 seconds .

========================================================================
Received Import Request.
  Time since last request: 0.000463 seconds.
  path: Assets/PolygonWesternFrontier/Prefabs/Environments/SM_Env_BackgroundCard_03.prefab
  artifactKey: Guid(3c9ab8d546ebf5e4c8a2bc8f91642a08) Importer(815301076,1909f56bfc062723c751e8b465ee728b)
Start importing Assets/PolygonWesternFrontier/Prefabs/Environments/SM_Env_BackgroundCard_03.prefab using Guid(3c9ab8d546ebf5e4c8a2bc8f91642a08) Importer(815301076,1909f56bfc062723c751e8b465ee728b)  -> (artifact id: 'b0049457b8cf099b15eb69369c910a85') in 0.010691 seconds 
  Import took 0.015555 seconds .

========================================================================
Received Import Request.
  Time since last request: 0.000372 seconds.
  path: Assets/PolygonWestern/Materials/Misc/BackgroundCard_01.mat
  artifactKey: Guid(c2e9ac57fad70ae4fb734e46954b090d) Importer(815301076,1909f56bfc062723c751e8b465ee728b)
Start importing Assets/PolygonWestern/Materials/Misc/BackgroundCard_01.mat using Guid(c2e9ac57fad70ae4fb734e46954b090d) Importer(815301076,1909f56bfc062723c751e8b465ee728b)  -> (artifact id: '76294c382d50b6c737495a9a971988d0') in 0.010065 seconds 
  Import took 0.014463 seconds .

========================================================================
Received Import Request.
  Time since last request: 0.000371 seconds.
  path: Assets/StarterAssets/Environment/Art/Models/Ground_Mesh.fbx
  artifactKey: Guid(aa38d7b0e367ecc4aac915dcfe957879) Importer(815301076,1909f56bfc062723c751e8b465ee728b)
Start importing Assets/StarterAssets/Environment/Art/Models/Ground_Mesh.fbx using Guid(aa38d7b0e367ecc4aac915dcfe957879) Importer(815301076,1909f56bfc062723c751e8b465ee728b)  -> (artifact id: 'd257240f33719b04165bc8e98212062c') in 0.054488 seconds 
  Import took 0.057958 seconds .

========================================================================
Received Import Request.
  Time since last request: 0.000373 seconds.
  path: Assets/PolygonWesternFrontier/Materials/Misc/Background Card_03_Material.mat
  artifactKey: Guid(60a8a052ea78e824da327a4ab4f41435) Importer(815301076,1909f56bfc062723c751e8b465ee728b)
Start importing Assets/PolygonWesternFrontier/Materials/Misc/Background Card_03_Material.mat using Guid(60a8a052ea78e824da327a4ab4f41435) Importer(815301076,1909f56bfc062723c751e8b465ee728b)  -> (artifact id: 'bc6ff4b503fbc8c1b4e94d5b5ee7fb93') in 0.010116 seconds 
  Import took 0.014027 seconds .

========================================================================
Received Import Request.
  Time since last request: 0.000424 seconds.
  path: Assets/PolygonWestern/Prefabs/Environments/SM_Env_BackgroundCards_Preset_01.prefab
  artifactKey: Guid(13965946c7fbbc64ebf335e90fc5bafe) Importer(815301076,1909f56bfc062723c751e8b465ee728b)
Start importing Assets/PolygonWestern/Prefabs/Environments/SM_Env_BackgroundCards_Preset_01.prefab using Guid(13965946c7fbbc64ebf335e90fc5bafe) Importer(815301076,1909f56bfc062723c751e8b465ee728b)  -> (artifact id: '09bd43f979d288b07a8ac6ebeade5943') in 0.014806 seconds 
  Import took 0.019155 seconds .

========================================================================
Received Import Request.
  Time since last request: 0.000367 seconds.
  path: Assets/PolygonWestern/Prefabs/Environments/SM_Env_Sand_Ground_06.prefab
  artifactKey: Guid(6fc86bcd020904044a931af912652050) Importer(815301076,1909f56bfc062723c751e8b465ee728b)
Start importing Assets/PolygonWestern/Prefabs/Environments/SM_Env_Sand_Ground_06.prefab using Guid(6fc86bcd020904044a931af912652050) Importer(815301076,1909f56bfc062723c751e8b465ee728b)  -> (artifact id: '1a8e9dd0e9f6c42595cb8e111da6f23d') in 0.016788 seconds 
  Import took 0.020491 seconds .

========================================================================
Received Import Request.
  Time since last request: 0.000406 seconds.
  path: Assets/PolygonWesternFrontier/Prefabs/Generic/SM_Generic_Ground_02.prefab
  artifactKey: Guid(587bd9bf1b24e8e48871f57877bd50c8) Importer(815301076,1909f56bfc062723c751e8b465ee728b)
Start importing Assets/PolygonWesternFrontier/Prefabs/Generic/SM_Generic_Ground_02.prefab using Guid(587bd9bf1b24e8e48871f57877bd50c8) Importer(815301076,1909f56bfc062723c751e8b465ee728b)  -> (artifact id: 'f298aa45fbaa0ebb7d21502bec5acba0') in 0.013236 seconds 
  Import took 0.017330 seconds .

========================================================================
Received Import Request.
  Time since last request: 0.000444 seconds.
  path: Assets/PolygonWesternFrontier/Models/CollisionConvex/SM_Generic_Ground_01_Convex.asset
  artifactKey: Guid(72b5e906f8ae3e74ab6b3f9589b70b45) Importer(815301076,1909f56bfc062723c751e8b465ee728b)
Start importing Assets/PolygonWesternFrontier/Models/CollisionConvex/SM_Generic_Ground_01_Convex.asset using Guid(72b5e906f8ae3e74ab6b3f9589b70b45) Importer(815301076,1909f56bfc062723c751e8b465ee728b)  -> (artifact id: '047a6b02f88a4a4867cb30cf80017962') in 0.010163 seconds 
  Import took 0.014398 seconds .

========================================================================
Received Import Request.
  Time since last request: 1.949090 seconds.
  path: Assets/PolygonWesternFrontier/Models/CollisionConvex/SM_Generic_Ground_Flat_01_Convex.asset
  artifactKey: Guid(12e6da18eb7250045a98c333a627b59d) Importer(815301076,1909f56bfc062723c751e8b465ee728b)
Start importing Assets/PolygonWesternFrontier/Models/CollisionConvex/SM_Generic_Ground_Flat_01_Convex.asset using Guid(12e6da18eb7250045a98c333a627b59d) Importer(815301076,1909f56bfc062723c751e8b465ee728b)  -> (artifact id: 'fd3dd6d46de02e681f0e444abbdfe97b') in 0.029529 seconds 
  Import took 0.039400 seconds .

========================================================================
Received Prepare
Registering precompiled user dll's ...
Registered in 0.009484 seconds.
Begin MonoManager ReloadAssembly
Native extension for WindowsStandalone target not found
Refreshing native plugins compatible for Editor in 0.63 ms, found 2 plugins.
Preloading 0 native plugins for Editor in 0.00 ms.
Mono: successfully reloaded assembly
- Completed reload, in  1.216 seconds
Domain Reload Profiling:
	ReloadAssembly (1217ms)
		BeginReloadAssembly (135ms)
			ExecutionOrderSort (0ms)
			DisableScriptedObjects (4ms)
			BackupInstance (0ms)
			ReleaseScriptingObjects (0ms)
			CreateAndSetChildDomain (34ms)
		EndReloadAssembly (1011ms)
			LoadAssemblies (110ms)
			RebuildTransferFunctionScriptingTraits (0ms)
			SetupTypeCache (301ms)
			ReleaseScriptCaches (2ms)
			RebuildScriptCaches (49ms)
			SetupLoadedEditorAssemblies (446ms)
				LogAssemblyErrors (0ms)
				InitializePlatformSupportModulesInManaged (4ms)
				SetLoadedEditorAssemblies (1ms)
				RefreshPlugins (1ms)
				BeforeProcessingInitializeOnLoad (107ms)
				ProcessInitializeOnLoadAttributes (279ms)
				ProcessInitializeOnLoadMethodAttributes (44ms)
				AfterProcessingInitializeOnLoad (10ms)
				EditorAssembliesLoaded (0ms)
			ExecutionOrderSort2 (0ms)
			AwakeInstancesAfterBackupRestoration (7ms)
Platform modules already initialized, skipping
Refreshing native plugins compatible for Editor in 0.68 ms, found 2 plugins.
Preloading 0 native plugins for Editor in 0.00 ms.
Unloading 2208 Unused Serialized files (Serialized files now loaded: 0)
System memory in use before: 104.3 MB.
System memory in use after: 104.5 MB.

Unloading 16 unused Assets to reduce memory usage. Loaded Objects now: 2729.
Total: 2.593300 ms (FindLiveObjects: 0.210600 ms CreateObjectMapping: 0.077000 ms MarkObjects: 2.242900 ms  DeleteObjects: 0.061900 ms)

AssetImportParameters requested are different than current active one (requested -> active):
  custom:framework-win-MediaFoundation: 216162199b28c13a410421893ffa2e32 -> 
  custom:video-decoder-ogg-theora: a1e56fd34408186e4bbccfd4996cb3dc -> 
  custom:container-muxer-webm: aa71ff27fc2769a1b78a27578f13a17b -> 
  custom:container-demuxer-webm: 4f35f7cbe854078d1ac9338744f61a02 -> 
  custom:container-demuxer-ogg: 62fdf1f143b41e24485cea50d1cbac27 -> 
  custom:video-encoder-webm-vp8: eb34c28f22e8b96e1ab97ce403110664 -> 
  custom:video-codec-MediaFoundation-h265: 746d11721c4dcdbdad8f713fa42b33f4 -> 
  custom:video-decoder-webm-vp8: 9c59270c3fd7afecdb556c50c9e8de78 -> 
  custom:audio-decoder-ogg-vorbis: bf7c407c2cedff20999df2af8eb42d56 -> 
  custom:audio-encoder-webm-vorbis: bf7c407c2cedff20999df2af8eb42d56 -> 
========================================================================
Received Prepare
Registering precompiled user dll's ...
Registered in 0.006557 seconds.
Begin MonoManager ReloadAssembly
Native extension for WindowsStandalone target not found
Refreshing native plugins compatible for Editor in 0.68 ms, found 2 plugins.
Preloading 0 native plugins for Editor in 0.00 ms.
Mono: successfully reloaded assembly
- Completed reload, in  1.198 seconds
Domain Reload Profiling:
	ReloadAssembly (1198ms)
		BeginReloadAssembly (127ms)
			ExecutionOrderSort (0ms)
			DisableScriptedObjects (4ms)
			BackupInstance (0ms)
			ReleaseScriptingObjects (0ms)
			CreateAndSetChildDomain (32ms)
		EndReloadAssembly (1004ms)
			LoadAssemblies (109ms)
			RebuildTransferFunctionScriptingTraits (0ms)
			SetupTypeCache (310ms)
			ReleaseScriptCaches (1ms)
			RebuildScriptCaches (49ms)
			SetupLoadedEditorAssemblies (403ms)
				LogAssemblyErrors (0ms)
				InitializePlatformSupportModulesInManaged (4ms)
				SetLoadedEditorAssemblies (0ms)
				RefreshPlugins (1ms)
				BeforeProcessingInitializeOnLoad (94ms)
				ProcessInitializeOnLoadAttributes (251ms)
				ProcessInitializeOnLoadMethodAttributes (42ms)
				AfterProcessingInitializeOnLoad (11ms)
				EditorAssembliesLoaded (0ms)
			ExecutionOrderSort2 (0ms)
			AwakeInstancesAfterBackupRestoration (7ms)
Platform modules already initialized, skipping
Refreshing native plugins compatible for Editor in 0.69 ms, found 2 plugins.
Preloading 0 native plugins for Editor in 0.00 ms.
Unloading 2208 Unused Serialized files (Serialized files now loaded: 0)
System memory in use before: 104.4 MB.
System memory in use after: 104.6 MB.

Unloading 16 unused Assets to reduce memory usage. Loaded Objects now: 2732.
Total: 2.788400 ms (FindLiveObjects: 0.240700 ms CreateObjectMapping: 0.090200 ms MarkObjects: 2.386900 ms  DeleteObjects: 0.069700 ms)

AssetImportParameters requested are different than current active one (requested -> active):
  custom:framework-win-MediaFoundation: 216162199b28c13a410421893ffa2e32 -> 
  custom:video-decoder-ogg-theora: a1e56fd34408186e4bbccfd4996cb3dc -> 
  custom:container-muxer-webm: aa71ff27fc2769a1b78a27578f13a17b -> 
  custom:container-demuxer-webm: 4f35f7cbe854078d1ac9338744f61a02 -> 
  custom:container-demuxer-ogg: 62fdf1f143b41e24485cea50d1cbac27 -> 
  custom:video-encoder-webm-vp8: eb34c28f22e8b96e1ab97ce403110664 -> 
  custom:video-codec-MediaFoundation-h265: 746d11721c4dcdbdad8f713fa42b33f4 -> 
  custom:video-decoder-webm-vp8: 9c59270c3fd7afecdb556c50c9e8de78 -> 
  custom:audio-decoder-ogg-vorbis: bf7c407c2cedff20999df2af8eb42d56 -> 
  custom:audio-encoder-webm-vorbis: bf7c407c2cedff20999df2af8eb42d56 -> 
========================================================================
Received Prepare
Registering precompiled user dll's ...
Registered in 0.006772 seconds.
Begin MonoManager ReloadAssembly
Native extension for WindowsStandalone target not found
Refreshing native plugins compatible for Editor in 0.72 ms, found 2 plugins.
Preloading 0 native plugins for Editor in 0.00 ms.
Mono: successfully reloaded assembly
- Completed reload, in  1.218 seconds
Domain Reload Profiling:
	ReloadAssembly (1218ms)
		BeginReloadAssembly (137ms)
			ExecutionOrderSort (0ms)
			DisableScriptedObjects (4ms)
			BackupInstance (0ms)
			ReleaseScriptingObjects (0ms)
			CreateAndSetChildDomain (35ms)
		EndReloadAssembly (1010ms)
			LoadAssemblies (109ms)
			RebuildTransferFunctionScriptingTraits (0ms)
			SetupTypeCache (311ms)
			ReleaseScriptCaches (1ms)
			RebuildScriptCaches (54ms)
			SetupLoadedEditorAssemblies (424ms)
				LogAssemblyErrors (0ms)
				InitializePlatformSupportModulesInManaged (4ms)
				SetLoadedEditorAssemblies (1ms)
				RefreshPlugins (1ms)
				BeforeProcessingInitializeOnLoad (100ms)
				ProcessInitializeOnLoadAttributes (266ms)
				ProcessInitializeOnLoadMethodAttributes (42ms)
				AfterProcessingInitializeOnLoad (10ms)
				EditorAssembliesLoaded (0ms)
			ExecutionOrderSort2 (0ms)
			AwakeInstancesAfterBackupRestoration (6ms)
Platform modules already initialized, skipping
Refreshing native plugins compatible for Editor in 0.68 ms, found 2 plugins.
Preloading 0 native plugins for Editor in 0.00 ms.
Unloading 2208 Unused Serialized files (Serialized files now loaded: 0)
System memory in use before: 104.4 MB.
System memory in use after: 104.6 MB.

Unloading 16 unused Assets to reduce memory usage. Loaded Objects now: 2735.
Total: 2.605300 ms (FindLiveObjects: 0.216600 ms CreateObjectMapping: 0.098200 ms MarkObjects: 2.223700 ms  DeleteObjects: 0.065800 ms)

AssetImportParameters requested are different than current active one (requested -> active):
  custom:framework-win-MediaFoundation: 216162199b28c13a410421893ffa2e32 -> 
  custom:video-decoder-ogg-theora: a1e56fd34408186e4bbccfd4996cb3dc -> 
  custom:container-muxer-webm: aa71ff27fc2769a1b78a27578f13a17b -> 
  custom:container-demuxer-webm: 4f35f7cbe854078d1ac9338744f61a02 -> 
  custom:container-demuxer-ogg: 62fdf1f143b41e24485cea50d1cbac27 -> 
  custom:video-encoder-webm-vp8: eb34c28f22e8b96e1ab97ce403110664 -> 
  custom:video-codec-MediaFoundation-h265: 746d11721c4dcdbdad8f713fa42b33f4 -> 
  custom:video-decoder-webm-vp8: 9c59270c3fd7afecdb556c50c9e8de78 -> 
  custom:audio-decoder-ogg-vorbis: bf7c407c2cedff20999df2af8eb42d56 -> 
  custom:audio-encoder-webm-vorbis: bf7c407c2cedff20999df2af8eb42d56 -> 
========================================================================
Received Prepare
Registering precompiled user dll's ...
Registered in 0.006646 seconds.
Begin MonoManager ReloadAssembly
Native extension for WindowsStandalone target not found
Refreshing native plugins compatible for Editor in 0.63 ms, found 2 plugins.
Preloading 0 native plugins for Editor in 0.00 ms.
Mono: successfully reloaded assembly
- Completed reload, in  1.349 seconds
Domain Reload Profiling:
	ReloadAssembly (1349ms)
		BeginReloadAssembly (174ms)
			ExecutionOrderSort (0ms)
			DisableScriptedObjects (4ms)
			BackupInstance (0ms)
			ReleaseScriptingObjects (0ms)
			CreateAndSetChildDomain (33ms)
		EndReloadAssembly (1036ms)
			LoadAssemblies (165ms)
			RebuildTransferFunctionScriptingTraits (0ms)
			SetupTypeCache (347ms)
			ReleaseScriptCaches (1ms)
			RebuildScriptCaches (42ms)
			SetupLoadedEditorAssemblies (422ms)
				LogAssemblyErrors (0ms)
				InitializePlatformSupportModulesInManaged (4ms)
				SetLoadedEditorAssemblies (0ms)
				RefreshPlugins (1ms)
				BeforeProcessingInitializeOnLoad (92ms)
				ProcessInitializeOnLoadAttributes (267ms)
				ProcessInitializeOnLoadMethodAttributes (45ms)
				AfterProcessingInitializeOnLoad (12ms)
				EditorAssembliesLoaded (0ms)
			ExecutionOrderSort2 (0ms)
			AwakeInstancesAfterBackupRestoration (7ms)
Platform modules already initialized, skipping
Refreshing native plugins compatible for Editor in 0.65 ms, found 2 plugins.
Preloading 0 native plugins for Editor in 0.00 ms.
Unloading 2208 Unused Serialized files (Serialized files now loaded: 0)
System memory in use before: 104.4 MB.
System memory in use after: 104.6 MB.

Unloading 16 unused Assets to reduce memory usage. Loaded Objects now: 2738.
Total: 2.489300 ms (FindLiveObjects: 0.213600 ms CreateObjectMapping: 0.083600 ms MarkObjects: 2.123700 ms  DeleteObjects: 0.067500 ms)

AssetImportParameters requested are different than current active one (requested -> active):
  custom:framework-win-MediaFoundation: 216162199b28c13a410421893ffa2e32 -> 
  custom:video-decoder-ogg-theora: a1e56fd34408186e4bbccfd4996cb3dc -> 
  custom:container-muxer-webm: aa71ff27fc2769a1b78a27578f13a17b -> 
  custom:container-demuxer-webm: 4f35f7cbe854078d1ac9338744f61a02 -> 
  custom:container-demuxer-ogg: 62fdf1f143b41e24485cea50d1cbac27 -> 
  custom:video-encoder-webm-vp8: eb34c28f22e8b96e1ab97ce403110664 -> 
  custom:video-codec-MediaFoundation-h265: 746d11721c4dcdbdad8f713fa42b33f4 -> 
  custom:video-decoder-webm-vp8: 9c59270c3fd7afecdb556c50c9e8de78 -> 
  custom:audio-decoder-ogg-vorbis: bf7c407c2cedff20999df2af8eb42d56 -> 
  custom:audio-encoder-webm-vorbis: bf7c407c2cedff20999df2af8eb42d56 -> 
========================================================================
Received Prepare
Registering precompiled user dll's ...
Registered in 0.006714 seconds.
Begin MonoManager ReloadAssembly
Native extension for WindowsStandalone target not found
Refreshing native plugins compatible for Editor in 0.63 ms, found 2 plugins.
Preloading 0 native plugins for Editor in 0.00 ms.
Mono: successfully reloaded assembly
- Completed reload, in  1.241 seconds
Domain Reload Profiling:
	ReloadAssembly (1241ms)
		BeginReloadAssembly (147ms)
			ExecutionOrderSort (0ms)
			DisableScriptedObjects (4ms)
			BackupInstance (0ms)
			ReleaseScriptingObjects (0ms)
			CreateAndSetChildDomain (34ms)
		EndReloadAssembly (1012ms)
			LoadAssemblies (112ms)
			RebuildTransferFunctionScriptingTraits (0ms)
			SetupTypeCache (328ms)
			ReleaseScriptCaches (1ms)
			RebuildScriptCaches (46ms)
			SetupLoadedEditorAssemblies (422ms)
				LogAssemblyErrors (0ms)
				InitializePlatformSupportModulesInManaged (4ms)
				SetLoadedEditorAssemblies (1ms)
				RefreshPlugins (1ms)
				BeforeProcessingInitializeOnLoad (98ms)
				ProcessInitializeOnLoadAttributes (265ms)
				ProcessInitializeOnLoadMethodAttributes (42ms)
				AfterProcessingInitializeOnLoad (12ms)
				EditorAssembliesLoaded (0ms)
			ExecutionOrderSort2 (0ms)
			AwakeInstancesAfterBackupRestoration (6ms)
Platform modules already initialized, skipping
Refreshing native plugins compatible for Editor in 0.69 ms, found 2 plugins.
Preloading 0 native plugins for Editor in 0.00 ms.
Unloading 2208 Unused Serialized files (Serialized files now loaded: 0)
System memory in use before: 104.3 MB.
System memory in use after: 104.5 MB.

Unloading 16 unused Assets to reduce memory usage. Loaded Objects now: 2741.
Total: 2.605900 ms (FindLiveObjects: 0.219700 ms CreateObjectMapping: 0.086200 ms MarkObjects: 2.231700 ms  DeleteObjects: 0.067400 ms)

AssetImportParameters requested are different than current active one (requested -> active):
  custom:framework-win-MediaFoundation: 216162199b28c13a410421893ffa2e32 -> 
  custom:video-decoder-ogg-theora: a1e56fd34408186e4bbccfd4996cb3dc -> 
  custom:container-muxer-webm: aa71ff27fc2769a1b78a27578f13a17b -> 
  custom:container-demuxer-webm: 4f35f7cbe854078d1ac9338744f61a02 -> 
  custom:container-demuxer-ogg: 62fdf1f143b41e24485cea50d1cbac27 -> 
  custom:video-encoder-webm-vp8: eb34c28f22e8b96e1ab97ce403110664 -> 
  custom:video-codec-MediaFoundation-h265: 746d11721c4dcdbdad8f713fa42b33f4 -> 
  custom:video-decoder-webm-vp8: 9c59270c3fd7afecdb556c50c9e8de78 -> 
  custom:audio-decoder-ogg-vorbis: bf7c407c2cedff20999df2af8eb42d56 -> 
  custom:audio-encoder-webm-vorbis: bf7c407c2cedff20999df2af8eb42d56 -> 
========================================================================
Received Import Request.
  Time since last request: 1411.952194 seconds.
  path: Assets/New Material.mat
  artifactKey: Guid(264a5258747e26b4791d1ffdca87ae1d) Importer(815301076,1909f56bfc062723c751e8b465ee728b)
Start importing Assets/New Material.mat using Guid(264a5258747e26b4791d1ffdca87ae1d) Importer(815301076,1909f56bfc062723c751e8b465ee728b)  -> (artifact id: '38774710cee7956901b7303bba4f5cd4') in 0.086081 seconds 
  Import took 0.090487 seconds .

========================================================================
Received Import Request.
  Time since last request: 0.000380 seconds.
  path: Assets/New Material 1.mat
  artifactKey: Guid(e7b9ace00e9fd124cb210112256250de) Importer(815301076,1909f56bfc062723c751e8b465ee728b)
Start importing Assets/New Material 1.mat using Guid(e7b9ace00e9fd124cb210112256250de) Importer(815301076,1909f56bfc062723c751e8b465ee728b)  -> (artifact id: '27345b3ed4b84a1e47ec7ca60f6d55b6') in 0.011336 seconds 
  Import took 0.015525 seconds .

========================================================================
Received Prepare
Registering precompiled user dll's ...
Registered in 0.006952 seconds.
Begin MonoManager ReloadAssembly
Native extension for WindowsStandalone target not found
Refreshing native plugins compatible for Editor in 0.64 ms, found 2 plugins.
Preloading 0 native plugins for Editor in 0.00 ms.
Mono: successfully reloaded assembly
- Completed reload, in  1.207 seconds
Domain Reload Profiling:
	ReloadAssembly (1207ms)
		BeginReloadAssembly (134ms)
			ExecutionOrderSort (0ms)
			DisableScriptedObjects (4ms)
			BackupInstance (0ms)
			ReleaseScriptingObjects (0ms)
			CreateAndSetChildDomain (36ms)
		EndReloadAssembly (1002ms)
			LoadAssemblies (110ms)
			RebuildTransferFunctionScriptingTraits (0ms)
			SetupTypeCache (315ms)
			ReleaseScriptCaches (1ms)
			RebuildScriptCaches (43ms)
			SetupLoadedEditorAssemblies (422ms)
				LogAssemblyErrors (0ms)
				InitializePlatformSupportModulesInManaged (4ms)
				SetLoadedEditorAssemblies (0ms)
				RefreshPlugins (1ms)
				BeforeProcessingInitializeOnLoad (98ms)
				ProcessInitializeOnLoadAttributes (264ms)
				ProcessInitializeOnLoadMethodAttributes (44ms)
				AfterProcessingInitializeOnLoad (11ms)
				EditorAssembliesLoaded (0ms)
			ExecutionOrderSort2 (0ms)
			AwakeInstancesAfterBackupRestoration (7ms)
Platform modules already initialized, skipping
Refreshing native plugins compatible for Editor in 0.71 ms, found 2 plugins.
Preloading 0 native plugins for Editor in 0.00 ms.
Unloading 2208 Unused Serialized files (Serialized files now loaded: 0)
System memory in use before: 104.4 MB.
System memory in use after: 104.6 MB.

Unloading 16 unused Assets to reduce memory usage. Loaded Objects now: 2745.
Total: 2.798300 ms (FindLiveObjects: 0.222500 ms CreateObjectMapping: 0.091000 ms MarkObjects: 2.417600 ms  DeleteObjects: 0.066300 ms)

AssetImportParameters requested are different than current active one (requested -> active):
  custom:framework-win-MediaFoundation: 216162199b28c13a410421893ffa2e32 -> 
  custom:video-decoder-ogg-theora: a1e56fd34408186e4bbccfd4996cb3dc -> 
  custom:container-muxer-webm: aa71ff27fc2769a1b78a27578f13a17b -> 
  custom:container-demuxer-webm: 4f35f7cbe854078d1ac9338744f61a02 -> 
  custom:container-demuxer-ogg: 62fdf1f143b41e24485cea50d1cbac27 -> 
  custom:video-encoder-webm-vp8: eb34c28f22e8b96e1ab97ce403110664 -> 
  custom:video-codec-MediaFoundation-h265: 746d11721c4dcdbdad8f713fa42b33f4 -> 
  custom:video-decoder-webm-vp8: 9c59270c3fd7afecdb556c50c9e8de78 -> 
  custom:audio-decoder-ogg-vorbis: bf7c407c2cedff20999df2af8eb42d56 -> 
  custom:audio-encoder-webm-vorbis: bf7c407c2cedff20999df2af8eb42d56 -> 
========================================================================
Received Prepare
Registering precompiled user dll's ...
Registered in 0.010290 seconds.
Begin MonoManager ReloadAssembly
Native extension for WindowsStandalone target not found
Refreshing native plugins compatible for Editor in 0.61 ms, found 2 plugins.
Preloading 0 native plugins for Editor in 0.00 ms.
Mono: successfully reloaded assembly
- Completed reload, in  1.230 seconds
Domain Reload Profiling:
	ReloadAssembly (1231ms)
		BeginReloadAssembly (120ms)
			ExecutionOrderSort (0ms)
			DisableScriptedObjects (4ms)
			BackupInstance (0ms)
			ReleaseScriptingObjects (0ms)
			CreateAndSetChildDomain (29ms)
		EndReloadAssembly (1037ms)
			LoadAssemblies (101ms)
			RebuildTransferFunctionScriptingTraits (0ms)
			SetupTypeCache (285ms)
			ReleaseScriptCaches (1ms)
			RebuildScriptCaches (43ms)
			SetupLoadedEditorAssemblies (504ms)
				LogAssemblyErrors (0ms)
				InitializePlatformSupportModulesInManaged (4ms)
				SetLoadedEditorAssemblies (0ms)
				RefreshPlugins (1ms)
				BeforeProcessingInitializeOnLoad (95ms)
				ProcessInitializeOnLoadAttributes (320ms)
				ProcessInitializeOnLoadMethodAttributes (70ms)
				AfterProcessingInitializeOnLoad (15ms)
				EditorAssembliesLoaded (0ms)
			ExecutionOrderSort2 (0ms)
			AwakeInstancesAfterBackupRestoration (6ms)
Platform modules already initialized, skipping
Refreshing native plugins compatible for Editor in 0.65 ms, found 2 plugins.
Preloading 0 native plugins for Editor in 0.00 ms.
Unloading 2208 Unused Serialized files (Serialized files now loaded: 0)
System memory in use before: 104.5 MB.
System memory in use after: 104.6 MB.

Unloading 16 unused Assets to reduce memory usage. Loaded Objects now: 2748.
Total: 2.482000 ms (FindLiveObjects: 0.207200 ms CreateObjectMapping: 0.079000 ms MarkObjects: 2.132500 ms  DeleteObjects: 0.062600 ms)

AssetImportParameters requested are different than current active one (requested -> active):
  custom:framework-win-MediaFoundation: 216162199b28c13a410421893ffa2e32 -> 
  custom:video-decoder-ogg-theora: a1e56fd34408186e4bbccfd4996cb3dc -> 
  custom:container-muxer-webm: aa71ff27fc2769a1b78a27578f13a17b -> 
  custom:container-demuxer-webm: 4f35f7cbe854078d1ac9338744f61a02 -> 
  custom:container-demuxer-ogg: 62fdf1f143b41e24485cea50d1cbac27 -> 
  custom:video-encoder-webm-vp8: eb34c28f22e8b96e1ab97ce403110664 -> 
  custom:video-codec-MediaFoundation-h265: 746d11721c4dcdbdad8f713fa42b33f4 -> 
  custom:video-decoder-webm-vp8: 9c59270c3fd7afecdb556c50c9e8de78 -> 
  custom:audio-decoder-ogg-vorbis: bf7c407c2cedff20999df2af8eb42d56 -> 
  custom:audio-encoder-webm-vorbis: bf7c407c2cedff20999df2af8eb42d56 -> 
AssetImportWorkerClient::OnTransportError - code=2 error=End of file
